<?xml version="1.0" encoding="UTF-8"?>
<testsuite xmlns:xsi="http://www.w3.org/2001/XMLSchema-instance" xsi:noNamespaceSchemaLocation="https://maven.apache.org/surefire/maven-surefire-plugin/xsd/surefire-test-report-3.0.xsd" version="3.0" name="com.example.asyncawait.service.OrderServiceTest" time="3.145" tests="4" errors="0" skipped="0" failures="0">
  <properties>
[...]
</properties>
  <testcase name="fetchOrderDetails_WithDifferentIds_ShouldReturnDifferentData" classname="com.example.asyncawait.service.OrderServiceTest" time="0.681">
    <system-out><![CDATA[09:37:16.418 [main] INFO  c.e.asyncawait.service.OrderService - Recupero dettagli per l'ordine: Order-100-1
09:37:16.760 [pool-2-thread-1] DEBUG c.e.asyncawait.service.OrderService - Dettagli recuperati per l'ordine: Order-100-1
09:37:16.762 [main] INFO  c.e.asyncawait.service.OrderService - Recupero dettagli per l'ordine: Order-200-1
09:37:17.063 [pool-2-thread-1] DEBUG c.e.asyncawait.service.OrderService - Dettagli recuperati per l'ordine: Order-200-1
09:37:17.070 [main] INFO  c.e.asyncawait.service.OrderService - Chiusura dell'executor service di OrderService
]]></system-out>
  </testcase>
  <testcase name="fetchOrderDetails_ShouldReturnValidOrderDetails" classname="com.example.asyncawait.service.OrderServiceTest" time="0.307">
    <system-out><![CDATA[09:37:17.078 [main] INFO  c.e.asyncawait.service.OrderService - Recupero dettagli per l'ordine: Order-123-1
09:37:17.380 [pool-3-thread-1] DEBUG c.e.asyncawait.service.OrderService - Dettagli recuperati per l'ordine: Order-123-1
09:37:17.381 [main] INFO  c.e.asyncawait.service.OrderService - Chiusura dell'executor service di OrderService
]]></system-out>
  </testcase>
  <testcase name="fetchUserOrders_ShouldReturnThreeOrders" classname="com.example.asyncawait.service.OrderServiceTest" time="0.712">
    <system-out><![CDATA[09:37:17.394 [main] INFO  c.e.asyncawait.service.OrderService - Recupero ordini per l'utente con ID: 42
09:37:18.100 [pool-4-thread-1] DEBUG c.e.asyncawait.service.OrderService - Recuperati 3 ordini per l'utente 42
09:37:18.102 [main] INFO  c.e.asyncawait.service.OrderService - Chiusura dell'executor service di OrderService
]]></system-out>
  </testcase>
  <testcase name="fetchUserOrders_DifferentUserIds_ShouldReturnDifferentOrderIds" classname="com.example.asyncawait.service.OrderServiceTest" time="1.423">
    <system-out><![CDATA[09:37:18.105 [main] INFO  c.e.asyncawait.service.OrderService - Recupero ordini per l'utente con ID: 10
09:37:18.809 [pool-5-thread-1] DEBUG c.e.asyncawait.service.OrderService - Recuperati 3 ordini per l'utente 10
09:37:18.810 [main] INFO  c.e.asyncawait.service.OrderService - Recupero ordini per l'utente con ID: 20
09:37:19.520 [pool-5-thread-1] DEBUG c.e.asyncawait.service.OrderService - Recuperati 3 ordini per l'utente 20
09:37:19.525 [main] INFO  c.e.asyncawait.service.OrderService - Chiusura dell'executor service di OrderService
]]></system-out>
  </testcase>
</testsuite>