<?xml version="1.0" encoding="UTF-8"?>
<testsuite xmlns:xsi="http://www.w3.org/2001/XMLSchema-instance" xsi:noNamespaceSchemaLocation="https://maven.apache.org/surefire/maven-surefire-plugin/xsd/surefire-test-report-3.0.xsd" version="3.0" name="com.example.asyncawait.service.DashboardServiceTest" time="1.611" tests="1" errors="0" skipped="0" failures="0">
  <properties>
[...]
</properties>
  <testcase name="loadUserDashboard_ShouldReturnCompleteDashboard" classname="com.example.asyncawait.service.DashboardServiceTest" time="1.586">
    <system-out><![CDATA[09:37:21.157 [main] INFO  c.e.a.service.DashboardService - Inizio caricamento dashboard per utente: 123
09:37:21.164 [main] DEBUG c.e.a.service.DashboardService - Dati utente e ordini recuperati, ora recupero i dettagli degli ordini
09:37:21.166 [main] DEBUG c.e.a.service.DashboardService - Tutti i dettagli degli ordini recuperati, creazione dashboard
]]></system-out>
  </testcase>
</testsuite>