<?xml version="1.0" encoding="UTF-8"?>
<testsuite xmlns:xsi="http://www.w3.org/2001/XMLSchema-instance" xsi:noNamespaceSchemaLocation="https://maven.apache.org/surefire/maven-surefire-plugin/xsd/surefire-test-report-3.0.xsd" version="3.0" name="com.example.eventdriven.service.OrderServiceTest" time="0.042" tests="1" errors="0" skipped="0" failures="0">
  <properties>
[...]
</properties>
  <testcase name="testCreateOrder" classname="com.example.eventdriven.service.OrderServiceTest" time="0.018">
    <system-out><![CDATA[Order created: 9f2e958c-debb-46dd-a867-4daeb6fee009
]]></system-out>
  </testcase>
</testsuite>